c:\users\pooyaeimandar\documents\github\wolfsource\wolf.engine\engine\builds\mvsc\wolf.system\x64\debug\wolf.system.win32.pch
c:\users\pooyaeimandar\documents\github\wolfsource\wolf.engine\engine\builds\mvsc\wolf.system\x64\debug\vc140.pdb
c:\users\pooyaeimandar\documents\github\wolfsource\wolf.engine\engine\builds\mvsc\wolf.system\x64\debug\vc140.idb
c:\users\pooyaeimandar\documents\github\wolfsource\wolf.engine\engine\builds\mvsc\wolf.system\x64\debug\w_system_pch.obj
c:\users\pooyaeimandar\documents\github\wolfsource\wolf.engine\engine\builds\mvsc\wolf.system\x64\debug\w_xml.obj
c:\users\pooyaeimandar\documents\github\wolfsource\wolf.engine\engine\builds\mvsc\wolf.system\x64\debug\w_window.obj
c:\users\pooyaeimandar\documents\github\wolfsource\wolf.engine\engine\builds\mvsc\wolf.system\x64\debug\w_time_span.obj
c:\users\pooyaeimandar\documents\github\wolfsource\wolf.engine\engine\builds\mvsc\wolf.system\x64\debug\w_tcp_client.obj
c:\users\pooyaeimandar\documents\github\wolfsource\wolf.engine\engine\builds\mvsc\wolf.system\x64\debug\w_task.obj
c:\users\pooyaeimandar\documents\github\wolfsource\wolf.engine\engine\builds\mvsc\wolf.system\x64\debug\w_python.obj
c:\users\pooyaeimandar\documents\github\wolfsource\wolf.engine\engine\builds\mvsc\wolf.system\x64\debug\w_object.obj
c:\users\pooyaeimandar\documents\github\wolfsource\wolf.engine\engine\builds\mvsc\wolf.system\x64\debug\w_memory.obj
c:\users\pooyaeimandar\documents\github\wolfsource\wolf.engine\engine\builds\mvsc\wolf.system\x64\debug\w_lua.obj
c:\users\pooyaeimandar\documents\github\wolfsource\wolf.engine\engine\builds\mvsc\wolf.system\x64\debug\w_logger.obj
c:\users\pooyaeimandar\documents\github\wolfsource\wolf.engine\engine\builds\mvsc\wolf.system\x64\debug\w_linear_allocator.obj
c:\users\pooyaeimandar\documents\github\wolfsource\wolf.engine\engine\builds\mvsc\wolf.system\x64\debug\w_cpu.obj
c:\users\pooyaeimandar\documents\github\wolfsource\wolf.engine\engine\builds\mvsc\wolf.system\x64\debug\dllmain.obj
c:\users\pooyaeimandar\documents\github\wolfsource\wolf.engine\bin\x64\debug\win32\wolf.system.win32.ilk
c:\users\pooyaeimandar\documents\github\wolfsource\wolf.engine\bin\x64\debug\win32\wolf.system.win32.dll
c:\users\pooyaeimandar\documents\github\wolfsource\wolf.engine\bin\x64\debug\win32\wolf.system.win32.pdb
c:\users\pooyaeimandar\documents\github\wolfsource\wolf.engine\bin\x64\debug\win32\wolf.system.win32.lib
c:\users\pooyaeimandar\documents\github\wolfsource\wolf.engine\bin\x64\debug\win32\wolf.system.win32.exp
c:\users\pooyaeimandar\documents\github\wolfsource\wolf.engine\engine\builds\mvsc\/../../../bin/x64/debug/win32/wolf.system.win32.pdb
c:\users\pooyaeimandar\documents\github\wolfsource\wolf.engine\engine\builds\mvsc\/../../../bin/x64/debug/win32/wolf.system.win32.dll
c:\users\pooyaeimandar\documents\github\wolfsource\wolf.engine\engine\builds\mvsc\/../../../bin/x64/debug/win32/wolf.system.win32.ilk
c:\users\pooyaeimandar\documents\github\wolfsource\wolf.engine\engine\builds\mvsc\wolf.system\x64\debug\wolf.sys.c7eafc1c.tlog\cl.command.1.tlog
c:\users\pooyaeimandar\documents\github\wolfsource\wolf.engine\engine\builds\mvsc\wolf.system\x64\debug\wolf.sys.c7eafc1c.tlog\cl.read.1.tlog
c:\users\pooyaeimandar\documents\github\wolfsource\wolf.engine\engine\builds\mvsc\wolf.system\x64\debug\wolf.sys.c7eafc1c.tlog\cl.write.1.tlog
c:\users\pooyaeimandar\documents\github\wolfsource\wolf.engine\engine\builds\mvsc\wolf.system\x64\debug\wolf.sys.c7eafc1c.tlog\link.command.1.tlog
c:\users\pooyaeimandar\documents\github\wolfsource\wolf.engine\engine\builds\mvsc\wolf.system\x64\debug\wolf.sys.c7eafc1c.tlog\link.read.1.tlog
c:\users\pooyaeimandar\documents\github\wolfsource\wolf.engine\engine\builds\mvsc\wolf.system\x64\debug\wolf.sys.c7eafc1c.tlog\link.write.1.tlog
c:\users\pooyaeimandar\documents\github\wolfsource\wolf.engine\engine\builds\mvsc\wolf.system\x64\debug\wolf.sys.c7eafc1c.tlog\wolf.system.win32.write.1u.tlog
