  w_graphics_device_manager.cpp
c:\users\pooyaeimandar\documents\github\wolfsource\wolf.engine\engine\src\wolf.render\w_graphics_device_manager.h(385): error C2143: syntax error: missing ';' before '*'
c:\users\pooyaeimandar\documents\github\wolfsource\wolf.engine\engine\src\wolf.render\w_graphics_device_manager.h(385): error C4430: missing type specifier - int assumed. Note: C++ does not support default-int
c:\users\pooyaeimandar\documents\github\wolfsource\wolf.engine\engine\src\wolf.render\w_graphics_device_manager.h(385): error C2238: unexpected token(s) preceding ';'
c:\users\pooyaeimandar\documents\github\wolfsource\wolf.engine\engine\src\wolf.render\w_graphics_device_manager.h(386): error C2065: 'VK_KHR_SWAPCHAIN_EXTENSION_NAME': undeclared identifier
c:\users\pooyaeimandar\documents\github\wolfsource\wolf.engine\engine\src\wolf.render\w_graphics_device_manager.h(472): error C2059: syntax error: '{'
c:\users\pooyaeimandar\documents\github\wolfsource\wolf.engine\engine\src\wolf.render\w_graphics_device_manager.h(475): error C2039: 'x': is not a member of 'wolf::graphics::w_viewport'
  c:\users\pooyaeimandar\documents\github\wolfsource\wolf.engine\engine\src\wolf.render\w_graphics_device_manager.h(467): note: see declaration of 'wolf::graphics::w_viewport'
c:\users\pooyaeimandar\documents\github\wolfsource\wolf.engine\engine\src\wolf.render\w_graphics_device_manager.h(476): error C2039: 'y': is not a member of 'wolf::graphics::w_viewport'
  c:\users\pooyaeimandar\documents\github\wolfsource\wolf.engine\engine\src\wolf.render\w_graphics_device_manager.h(467): note: see declaration of 'wolf::graphics::w_viewport'
c:\users\pooyaeimandar\documents\github\wolfsource\wolf.engine\engine\src\wolf.render\w_graphics_device_manager.h(477): error C2039: 'width': is not a member of 'wolf::graphics::w_viewport'
  c:\users\pooyaeimandar\documents\github\wolfsource\wolf.engine\engine\src\wolf.render\w_graphics_device_manager.h(467): note: see declaration of 'wolf::graphics::w_viewport'
c:\users\pooyaeimandar\documents\github\wolfsource\wolf.engine\engine\src\wolf.render\w_graphics_device_manager.h(478): error C2039: 'height': is not a member of 'wolf::graphics::w_viewport'
  c:\users\pooyaeimandar\documents\github\wolfsource\wolf.engine\engine\src\wolf.render\w_graphics_device_manager.h(467): note: see declaration of 'wolf::graphics::w_viewport'
c:\users\pooyaeimandar\documents\github\wolfsource\wolf.engine\engine\src\wolf.render\w_graphics_device_manager.h(479): error C2039: 'minDepth': is not a member of 'wolf::graphics::w_viewport'
  c:\users\pooyaeimandar\documents\github\wolfsource\wolf.engine\engine\src\wolf.render\w_graphics_device_manager.h(467): note: see declaration of 'wolf::graphics::w_viewport'
c:\users\pooyaeimandar\documents\github\wolfsource\wolf.engine\engine\src\wolf.render\w_graphics_device_manager.h(480): error C2039: 'maxDepth': is not a member of 'wolf::graphics::w_viewport'
  c:\users\pooyaeimandar\documents\github\wolfsource\wolf.engine\engine\src\wolf.render\w_graphics_device_manager.h(467): note: see declaration of 'wolf::graphics::w_viewport'
c:\users\pooyaeimandar\documents\github\wolfsource\wolf.engine\engine\src\wolf.render\w_graphics_device_manager.h(489): error C2059: syntax error: '{'
c:\users\pooyaeimandar\documents\github\wolfsource\wolf.engine\engine\src\wolf.render\w_graphics_device_manager.h(492): error C2039: 'offset': is not a member of 'wolf::graphics::w_viewport_scissor'
  c:\users\pooyaeimandar\documents\github\wolfsource\wolf.engine\engine\src\wolf.render\w_graphics_device_manager.h(484): note: see declaration of 'wolf::graphics::w_viewport_scissor'
c:\users\pooyaeimandar\documents\github\wolfsource\wolf.engine\engine\src\wolf.render\w_graphics_device_manager.h(492): error C2228: left of '.x' must have class/struct/union
c:\users\pooyaeimandar\documents\github\wolfsource\wolf.engine\engine\src\wolf.render\w_graphics_device_manager.h(493): error C2039: 'offset': is not a member of 'wolf::graphics::w_viewport_scissor'
  c:\users\pooyaeimandar\documents\github\wolfsource\wolf.engine\engine\src\wolf.render\w_graphics_device_manager.h(484): note: see declaration of 'wolf::graphics::w_viewport_scissor'
c:\users\pooyaeimandar\documents\github\wolfsource\wolf.engine\engine\src\wolf.render\w_graphics_device_manager.h(493): error C2228: left of '.y' must have class/struct/union
c:\users\pooyaeimandar\documents\github\wolfsource\wolf.engine\engine\src\wolf.render\w_graphics_device_manager.h(494): error C2039: 'extent': is not a member of 'wolf::graphics::w_viewport_scissor'
  c:\users\pooyaeimandar\documents\github\wolfsource\wolf.engine\engine\src\wolf.render\w_graphics_device_manager.h(484): note: see declaration of 'wolf::graphics::w_viewport_scissor'
c:\users\pooyaeimandar\documents\github\wolfsource\wolf.engine\engine\src\wolf.render\w_graphics_device_manager.h(494): error C2228: left of '.width' must have class/struct/union
c:\users\pooyaeimandar\documents\github\wolfsource\wolf.engine\engine\src\wolf.render\w_graphics_device_manager.h(495): error C2039: 'extent': is not a member of 'wolf::graphics::w_viewport_scissor'
  c:\users\pooyaeimandar\documents\github\wolfsource\wolf.engine\engine\src\wolf.render\w_graphics_device_manager.h(484): note: see declaration of 'wolf::graphics::w_viewport_scissor'
c:\users\pooyaeimandar\documents\github\wolfsource\wolf.engine\engine\src\wolf.render\w_graphics_device_manager.h(495): error C2228: left of '.height' must have class/struct/union
c:\users\pooyaeimandar\documents\github\wolfsource\wolf.engine\engine\src\wolf.render\w_graphics\w_command_buffers.h(38): error C4430: missing type specifier - int assumed. Note: C++ does not support default-int
c:\users\pooyaeimandar\documents\github\wolfsource\wolf.engine\engine\src\wolf.render\w_graphics\w_command_buffers.h(38): error C2146: syntax error: missing ')' before identifier 'pFlags'
c:\users\pooyaeimandar\documents\github\wolfsource\wolf.engine\engine\src\wolf.render\w_graphics\w_command_buffers.h(38): error C3646: 'pFlags': unknown override specifier
c:\users\pooyaeimandar\documents\github\wolfsource\wolf.engine\engine\src\wolf.render\w_graphics\w_command_buffers.h(38): error C2653: 'VkCommandBufferUsageFlagBits': is not a class or namespace name
c:\users\pooyaeimandar\documents\github\wolfsource\wolf.engine\engine\src\wolf.render\w_graphics\w_command_buffers.h(38): error C2061: syntax error: identifier 'VK_COMMAND_BUFFER_USAGE_SIMULTANEOUS_USE_BIT'
c:\users\pooyaeimandar\documents\github\wolfsource\wolf.engine\engine\src\wolf.render\w_graphics\w_command_buffers.h(38): error C2610: 'HRESULT wolf::graphics::w_command_buffers::begin(const std::size_t,const int)': is not a special member function which can be defaulted
c:\users\pooyaeimandar\documents\github\wolfsource\wolf.engine\engine\src\wolf.render\w_graphics\w_command_buffers.h(38): error C2059: syntax error: ')'
c:\users\pooyaeimandar\documents\github\wolfsource\wolf.engine\engine\src\wolf.render\w_graphics\w_command_buffers.h(40): error C4430: missing type specifier - int assumed. Note: C++ does not support default-int
c:\users\pooyaeimandar\documents\github\wolfsource\wolf.engine\engine\src\wolf.render\w_graphics\w_command_buffers.h(40): error C2146: syntax error: missing ')' before identifier 'pFlags'
c:\users\pooyaeimandar\documents\github\wolfsource\wolf.engine\engine\src\wolf.render\w_graphics\w_command_buffers.h(40): error C3646: 'pFlags': unknown override specifier
c:\users\pooyaeimandar\documents\github\wolfsource\wolf.engine\engine\src\wolf.render\w_graphics\w_command_buffers.h(40): error C2653: 'VkCommandBufferUsageFlagBits': is not a class or namespace name
c:\users\pooyaeimandar\documents\github\wolfsource\wolf.engine\engine\src\wolf.render\w_graphics\w_command_buffers.h(40): error C2061: syntax error: identifier 'VK_COMMAND_BUFFER_USAGE_SIMULTANEOUS_USE_BIT'
c:\users\pooyaeimandar\documents\github\wolfsource\wolf.engine\engine\src\wolf.render\w_graphics\w_command_buffers.h(40): error C2610: 'HRESULT wolf::graphics::w_command_buffers::begin_all(const int)': is not a special member function which can be defaulted
c:\users\pooyaeimandar\documents\github\wolfsource\wolf.engine\engine\src\wolf.render\w_graphics\w_command_buffers.h(40): error C2059: syntax error: ')'
c:\users\pooyaeimandar\documents\github\wolfsource\wolf.engine\engine\src\wolf.render\w_graphics\w_command_buffers.h(60): error C4430: missing type specifier - int assumed. Note: C++ does not support default-int
c:\users\pooyaeimandar\documents\github\wolfsource\wolf.engine\engine\src\wolf.render\w_graphics\w_command_buffers.h(60): error C2143: syntax error: missing ';' before '*'
c:\users\pooyaeimandar\documents\github\wolfsource\wolf.engine\engine\src\wolf.render\w_graphics\w_command_buffers.h(60): error C2071: 'wolf::graphics::w_command_buffers::VkCommandBuffer': illegal storage class
c:\users\pooyaeimandar\documents\github\wolfsource\wolf.engine\engine\src\wolf.render\w_graphics\w_command_buffers.h(60): error C2238: unexpected token(s) preceding ';'
c:\users\pooyaeimandar\documents\github\wolfsource\wolf.engine\engine\src\wolf.render\w_graphics\w_command_buffers.h(61): error C4430: missing type specifier - int assumed. Note: C++ does not support default-int
c:\users\pooyaeimandar\documents\github\wolfsource\wolf.engine\engine\src\wolf.render\w_graphics\w_command_buffers.h(61): error C3646: 'get_command_at': unknown override specifier
c:\users\pooyaeimandar\documents\github\wolfsource\wolf.engine\engine\src\wolf.render\w_graphics\w_command_buffers.h(61): error C2059: syntax error: 'const'
c:\users\pooyaeimandar\documents\github\wolfsource\wolf.engine\engine\src\wolf.render\w_graphics\w_command_buffers.h(61): error C2238: unexpected token(s) preceding ';'
c:\users\pooyaeimandar\documents\github\wolfsource\wolf.engine\engine\src\wolf.render\w_graphics\w_texture.h(29): error C4430: missing type specifier - int assumed. Note: C++ does not support default-int
c:\users\pooyaeimandar\documents\github\wolfsource\wolf.engine\engine\src\wolf.render\w_graphics\w_texture.h(29): error C2146: syntax error: missing ')' before identifier 'pMemoryPropertyFlags'
c:\users\pooyaeimandar\documents\github\wolfsource\wolf.engine\engine\src\wolf.render\w_graphics\w_texture.h(29): error C3646: 'pMemoryPropertyFlags': unknown override specifier
c:\users\pooyaeimandar\documents\github\wolfsource\wolf.engine\engine\src\wolf.render\w_graphics\w_texture.h(30): error C2061: syntax error: identifier 'VK_MEMORY_PROPERTY_DEVICE_LOCAL_BIT'
c:\users\pooyaeimandar\documents\github\wolfsource\wolf.engine\engine\src\wolf.render\w_graphics\w_texture.h(30): error C2610: 'HRESULT wolf::graphics::w_texture::load(const std::shared_ptr<wolf::graphics::w_graphics_device> &,const int)': is not a special member function which can be defaulted
c:\users\pooyaeimandar\documents\github\wolfsource\wolf.engine\engine\src\wolf.render\w_graphics\w_texture.h(30): error C2059: syntax error: ')'
c:\users\pooyaeimandar\documents\github\wolfsource\wolf.engine\engine\src\wolf.render\w_graphics\w_texture.h(63): error C3646: 'get_sampler': unknown override specifier
c:\users\pooyaeimandar\documents\github\wolfsource\wolf.engine\engine\src\wolf.render\w_graphics\w_texture.h(63): error C2059: syntax error: ')'
c:\users\pooyaeimandar\documents\github\wolfsource\wolf.engine\engine\src\wolf.render\w_graphics\w_texture.h(63): error C2238: unexpected token(s) preceding ';'
c:\users\pooyaeimandar\documents\github\wolfsource\wolf.engine\engine\src\wolf.render\w_graphics\w_texture.h(65): error C3646: 'get_image': unknown override specifier
c:\users\pooyaeimandar\documents\github\wolfsource\wolf.engine\engine\src\wolf.render\w_graphics\w_texture.h(65): error C2059: syntax error: ')'
c:\users\pooyaeimandar\documents\github\wolfsource\wolf.engine\engine\src\wolf.render\w_graphics\w_texture.h(65): error C2238: unexpected token(s) preceding ';'
c:\users\pooyaeimandar\documents\github\wolfsource\wolf.engine\engine\src\wolf.render\w_graphics\w_texture.h(67): error C3646: 'get_image_view': unknown override specifier
c:\users\pooyaeimandar\documents\github\wolfsource\wolf.engine\engine\src\wolf.render\w_graphics\w_texture.h(67): error C2059: syntax error: ')'
c:\users\pooyaeimandar\documents\github\wolfsource\wolf.engine\engine\src\wolf.render\w_graphics\w_texture.h(67): error C2238: unexpected token(s) preceding ';'
c:\users\pooyaeimandar\documents\github\wolfsource\wolf.engine\engine\src\wolf.render\w_graphics\w_texture.h(69): error C3646: 'get_image_type': unknown override specifier
c:\users\pooyaeimandar\documents\github\wolfsource\wolf.engine\engine\src\wolf.render\w_graphics\w_texture.h(69): error C2059: syntax error: ')'
c:\users\pooyaeimandar\documents\github\wolfsource\wolf.engine\engine\src\wolf.render\w_graphics\w_texture.h(69): error C2238: unexpected token(s) preceding ';'
c:\users\pooyaeimandar\documents\github\wolfsource\wolf.engine\engine\src\wolf.render\w_graphics\w_texture.h(71): error C3646: 'get_image_view_type': unknown override specifier
c:\users\pooyaeimandar\documents\github\wolfsource\wolf.engine\engine\src\wolf.render\w_graphics\w_texture.h(71): error C2059: syntax error: ')'
c:\users\pooyaeimandar\documents\github\wolfsource\wolf.engine\engine\src\wolf.render\w_graphics\w_texture.h(71): error C2238: unexpected token(s) preceding ';'
c:\users\pooyaeimandar\documents\github\wolfsource\wolf.engine\engine\src\wolf.render\w_graphics\w_texture.h(73): error C3646: 'get_format': unknown override specifier
c:\users\pooyaeimandar\documents\github\wolfsource\wolf.engine\engine\src\wolf.render\w_graphics\w_texture.h(73): error C2059: syntax error: ')'
c:\users\pooyaeimandar\documents\github\wolfsource\wolf.engine\engine\src\wolf.render\w_graphics\w_texture.h(73): error C2238: unexpected token(s) preceding ';'
c:\users\pooyaeimandar\documents\github\wolfsource\wolf.engine\engine\src\wolf.render\w_graphics\w_texture.h(75): error C4430: missing type specifier - int assumed. Note: C++ does not support default-int
c:\users\pooyaeimandar\documents\github\wolfsource\wolf.engine\engine\src\wolf.render\w_graphics\w_texture.h(75): error C3646: 'get_descriptor_info': unknown override specifier
c:\users\pooyaeimandar\documents\github\wolfsource\wolf.engine\engine\src\wolf.render\w_graphics\w_texture.h(75): error C2059: syntax error: ')'
c:\users\pooyaeimandar\documents\github\wolfsource\wolf.engine\engine\src\wolf.render\w_graphics\w_texture.h(75): error C2238: unexpected token(s) preceding ';'
c:\users\pooyaeimandar\documents\github\wolfsource\wolf.engine\engine\src\wolf.render\w_graphics\w_shader.h(25): error C2065: 'VK_SHADER_STAGE_VERTEX_BIT': undeclared identifier
c:\users\pooyaeimandar\documents\github\wolfsource\wolf.engine\engine\src\wolf.render\w_graphics\w_shader.h(37): error C2065: 'VK_SHADER_STAGE_GEOMETRY_BIT': undeclared identifier
c:\users\pooyaeimandar\documents\github\wolfsource\wolf.engine\engine\src\wolf.render\w_graphics\w_shader.h(40): error C2065: 'VK_SHADER_STAGE_COMPUTE_BIT': undeclared identifier
c:\users\pooyaeimandar\documents\github\wolfsource\wolf.engine\engine\src\wolf.render\w_graphics\w_shader.h(79): error C2065: 'VkPipelineShaderStageCreateInfo': undeclared identifier
c:\users\pooyaeimandar\documents\github\wolfsource\wolf.engine\engine\src\wolf.render\w_graphics\w_shader.h(79): error C2923: 'std::vector': 'VkPipelineShaderStageCreateInfo' is not a valid template type argument for parameter '_Ty'
c:\users\pooyaeimandar\documents\github\wolfsource\wolf.engine\engine\src\wolf.render\w_graphics\w_shader.h(79): error C3203: 'allocator': unspecialized class template can't be used as a template argument for template parameter '_Alloc', expected a real type
c:\users\pooyaeimandar\documents\github\wolfsource\wolf.engine\engine\src\wolf.render\w_graphics\w_shader.h(80): error C4430: missing type specifier - int assumed. Note: C++ does not support default-int
c:\users\pooyaeimandar\documents\github\wolfsource\wolf.engine\engine\src\wolf.render\w_graphics\w_shader.h(80): error C3646: 'get_compute_shader_stage': unknown override specifier
c:\users\pooyaeimandar\documents\github\wolfsource\wolf.engine\engine\src\wolf.render\w_graphics\w_shader.h(80): error C2059: syntax error: ')'
c:\users\pooyaeimandar\documents\github\wolfsource\wolf.engine\engine\src\wolf.render\w_graphics\w_shader.h(80): error C2238: unexpected token(s) preceding ';'
c:\users\pooyaeimandar\documents\github\wolfsource\wolf.engine\engine\src\wolf.render\w_graphics\w_shader.h(82): error C4430: missing type specifier - int assumed. Note: C++ does not support default-int
c:\users\pooyaeimandar\documents\github\wolfsource\wolf.engine\engine\src\wolf.render\w_graphics\w_shader.h(82): error C3646: 'get_descriptor_set': unknown override specifier
c:\users\pooyaeimandar\documents\github\wolfsource\wolf.engine\engine\src\wolf.render\w_graphics\w_shader.h(82): error C2059: syntax error: ')'
c:\users\pooyaeimandar\documents\github\wolfsource\wolf.engine\engine\src\wolf.render\w_graphics\w_shader.h(82): error C2238: unexpected token(s) preceding ';'
c:\users\pooyaeimandar\documents\github\wolfsource\wolf.engine\engine\src\wolf.render\w_graphics\w_shader.h(83): error C4430: missing type specifier - int assumed. Note: C++ does not support default-int
c:\users\pooyaeimandar\documents\github\wolfsource\wolf.engine\engine\src\wolf.render\w_graphics\w_shader.h(83): error C3646: 'get_compute_descriptor_set': unknown override specifier
c:\users\pooyaeimandar\documents\github\wolfsource\wolf.engine\engine\src\wolf.render\w_graphics\w_shader.h(83): error C2059: syntax error: ')'
c:\users\pooyaeimandar\documents\github\wolfsource\wolf.engine\engine\src\wolf.render\w_graphics\w_shader.h(83): error C2238: unexpected token(s) preceding ';'
c:\users\pooyaeimandar\documents\github\wolfsource\wolf.engine\engine\src\wolf.render\w_graphics\w_shader.h(85): error C4430: missing type specifier - int assumed. Note: C++ does not support default-int
c:\users\pooyaeimandar\documents\github\wolfsource\wolf.engine\engine\src\wolf.render\w_graphics\w_shader.h(85): error C3646: 'get_descriptor_set_layout': unknown override specifier
c:\users\pooyaeimandar\documents\github\wolfsource\wolf.engine\engine\src\wolf.render\w_graphics\w_shader.h(85): error C2059: syntax error: ')'
c:\users\pooyaeimandar\documents\github\wolfsource\wolf.engine\engine\src\wolf.render\w_graphics\w_shader.h(85): error C2238: unexpected token(s) preceding ';'
c:\users\pooyaeimandar\documents\github\wolfsource\wolf.engine\engine\src\wolf.render\w_graphics\w_shader.h(86): error C4430: missing type specifier - int assumed. Note: C++ does not support default-int
c:\users\pooyaeimandar\documents\github\wolfsource\wolf.engine\engine\src\wolf.render\w_graphics\w_shader.h(86): error C3646: 'get_compute_descriptor_set_layout': unknown override specifier
c:\users\pooyaeimandar\documents\github\wolfsource\wolf.engine\engine\src\wolf.render\w_graphics\w_shader.h(86): error C2059: syntax error: ')'
c:\users\pooyaeimandar\documents\github\wolfsource\wolf.engine\engine\src\wolf.render\w_graphics\w_shader.h(86): error C2238: unexpected token(s) preceding ';'
c:\users\pooyaeimandar\documents\github\wolfsource\wolf.engine\engine\src\wolf.render\w_directx_helper.h(16): fatal error C1083: Cannot open include file: 'w_math.h': No such file or directory
