e:\sourcecode\github\wolfsource\wolf.engine\engine\builds\mvsc\wolf.content_pipeline\x64\debug\wolf.content_pipeline.win32.pch
e:\sourcecode\github\wolfsource\wolf.engine\engine\builds\mvsc\wolf.content_pipeline\x64\debug\vc140.pdb
e:\sourcecode\github\wolfsource\wolf.engine\engine\builds\mvsc\wolf.content_pipeline\x64\debug\vc140.idb
e:\sourcecode\github\wolfsource\wolf.engine\engine\builds\mvsc\wolf.content_pipeline\x64\debug\w_cpipeline_pch.obj
e:\sourcecode\github\wolfsource\wolf.engine\engine\builds\mvsc\wolf.content_pipeline\x64\debug\w_cpipeline_scene.obj
e:\sourcecode\github\wolfsource\wolf.engine\engine\builds\mvsc\wolf.content_pipeline\x64\debug\w_cpipeline_model.obj
e:\sourcecode\github\wolfsource\wolf.engine\engine\builds\mvsc\wolf.content_pipeline\x64\debug\dllmain.obj
e:\sourcecode\github\wolfsource\wolf.engine\engine\builds\mvsc\wolf.content_pipeline\x64\debug\c_parser.obj
e:\sourcecode\github\wolfsource\wolf.engine\engine\builds\mvsc\wolf.content_pipeline\x64\debug\c_node.obj
e:\sourcecode\github\wolfsource\wolf.engine\engine\builds\mvsc\wolf.content_pipeline\x64\debug\c_bone.obj
e:\sourcecode\github\wolfsource\wolf.engine\engine\builds\mvsc\wolf.content_pipeline\x64\debug\w_first_person_camera.obj
e:\sourcecode\github\wolfsource\wolf.engine\engine\builds\mvsc\wolf.content_pipeline\x64\debug\w_camera.obj
e:\sourcecode\github\wolfsource\wolf.engine\bin\x64\debug\win32\wolf.content_pipeline.win32.ilk
e:\sourcecode\github\wolfsource\wolf.engine\bin\x64\debug\win32\wolf.content_pipeline.win32.dll
e:\sourcecode\github\wolfsource\wolf.engine\bin\x64\debug\win32\wolf.content_pipeline.win32.pdb
e:\sourcecode\github\wolfsource\wolf.engine\bin\x64\debug\win32\wolf.content_pipeline.win32.lib
e:\sourcecode\github\wolfsource\wolf.engine\bin\x64\debug\win32\wolf.content_pipeline.win32.exp
e:\sourcecode\github\wolfsource\wolf.engine\engine\builds\mvsc\/../../../bin/x64/debug/win32/wolf.content_pipeline.win32.pdb
e:\sourcecode\github\wolfsource\wolf.engine\engine\builds\mvsc\/../../../bin/x64/debug/win32/wolf.content_pipeline.win32.dll
e:\sourcecode\github\wolfsource\wolf.engine\engine\builds\mvsc\/../../../bin/x64/debug/win32/wolf.content_pipeline.win32.ilk
e:\sourcecode\github\wolfsource\wolf.engine\engine\builds\mvsc\wolf.content_pipeline\x64\debug\wolf.con.1c266bc7.tlog\cl.command.1.tlog
e:\sourcecode\github\wolfsource\wolf.engine\engine\builds\mvsc\wolf.content_pipeline\x64\debug\wolf.con.1c266bc7.tlog\cl.read.1.tlog
e:\sourcecode\github\wolfsource\wolf.engine\engine\builds\mvsc\wolf.content_pipeline\x64\debug\wolf.con.1c266bc7.tlog\cl.write.1.tlog
e:\sourcecode\github\wolfsource\wolf.engine\engine\builds\mvsc\wolf.content_pipeline\x64\debug\wolf.con.1c266bc7.tlog\link.command.1.tlog
e:\sourcecode\github\wolfsource\wolf.engine\engine\builds\mvsc\wolf.content_pipeline\x64\debug\wolf.con.1c266bc7.tlog\link.read.1.tlog
e:\sourcecode\github\wolfsource\wolf.engine\engine\builds\mvsc\wolf.content_pipeline\x64\debug\wolf.con.1c266bc7.tlog\link.write.1.tlog
e:\sourcecode\github\wolfsource\wolf.engine\engine\builds\mvsc\wolf.content_pipeline\x64\debug\wolf.con.1c266bc7.tlog\wolf.content_pipeline.win32.write.1u.tlog
